2019-06-12 17:47:06 DEBUG Menu:167 - Successfully created user. Username :juli
2019-06-12 17:53:35 DEBUG WeekRental:38 - Charge from: 2019-06-12T17:53:35.437 to 2019-07-10T17:53:35.477 is $240.0
2019-06-12 17:53:35 DEBUG DayRental:38 - Charge from: 2019-06-12T17:53:35.488 to 2019-06-12T17:53:35.488 is $20.0
2019-06-12 17:53:35 DEBUG WeekRental:38 - Charge from: 2019-06-12T17:53:35.490 to 2019-06-12T17:53:35.490 is $60.0
2019-06-12 17:53:35 DEBUG DayRental:38 - Charge from: 2019-06-12T17:53:35.492 to 2019-06-21T17:53:35.492 is $180.0
2019-06-12 17:53:35 DEBUG HourRental:38 - Charge from: 2019-06-12T17:53:35.493 to 2019-06-14T04:53:35.493 is $175.0
2019-06-12 17:53:35 DEBUG HourRental:38 - Charge from: 2019-06-12T17:53:35.495 to 2019-06-12T17:53:35.495 is $5.0
2019-06-12 17:53:35 DEBUG DayRental:38 - Charge from: 2019-06-12T17:53:35.497 to 2019-06-12T17:53:35.501 is $20.0
2019-06-12 17:53:35 DEBUG WeekRental:38 - Charge from: 2019-06-12T17:53:35.497 to 2019-06-12T17:53:35.501 is $60.0
2019-06-12 17:53:35 DEBUG HourRental:38 - Charge from: 2019-06-12T17:53:35.497 to 2019-06-12T17:53:35.501 is $5.0
2019-06-12 17:53:35 DEBUG WeekRental:38 - Charge from: 2019-06-12T17:53:35.505 to 2019-09-13T17:53:35.505 is $780.0
2019-06-12 17:53:35 DEBUG HourRental:38 - Charge from: 2019-06-12T17:53:35.505 to 2019-09-13T17:53:35.505 is $11160.0
2019-06-12 17:53:35 DEBUG DayRental:38 - Charge from: 2019-06-12T17:53:35.505 to 2019-09-13T17:53:35.505 is $1860.0
2019-06-12 18:02:15 DEBUG WeekRental:39 - Charge from: 2019-06-12 18:02 to 2019-07-10 18:02 is $240.0
2019-06-12 18:02:15 DEBUG DayRental:39 - Charge from: 2019-06-12 18:02 to 2019-06-12 18:02 is $20.0
2019-06-12 18:02:15 DEBUG WeekRental:39 - Charge from: 2019-06-12 18:02 to 2019-06-12 18:02 is $60.0
2019-06-12 18:02:15 DEBUG DayRental:39 - Charge from: 2019-06-12 18:02 to 2019-06-21 18:02 is $180.0
2019-06-12 18:02:15 DEBUG HourRental:18 - Period from 2019-06-12 18:02to 2019-06-14 05:02 is:35 hours
2019-06-12 18:02:15 DEBUG HourRental:39 - Charge from: 2019-06-12 18:02 to 2019-06-14 05:02 is $175.0
2019-06-12 18:02:15 DEBUG HourRental:18 - Period from 2019-06-12 18:02to 2019-06-12 18:02 is:0 hours
2019-06-12 18:02:15 DEBUG HourRental:39 - Charge from: 2019-06-12 18:02 to 2019-06-12 18:02 is $5.0
2019-06-12 18:02:15 DEBUG HourRental:18 - Period from 2019-06-12 18:02to 2019-06-12 18:02 is:0 hours
2019-06-12 18:02:15 DEBUG WeekRental:39 - Charge from: 2019-06-12 18:02 to 2019-06-12 18:02 is $60.0
2019-06-12 18:02:15 DEBUG DayRental:39 - Charge from: 2019-06-12 18:02 to 2019-06-12 18:02 is $20.0
2019-06-12 18:02:15 DEBUG HourRental:39 - Charge from: 2019-06-12 18:02 to 2019-06-12 18:02 is $5.0
2019-06-12 18:02:15 DEBUG HourRental:18 - Period from 2019-06-12 18:02to 2019-09-13 18:02 is:2232 hours
2019-06-12 18:02:15 DEBUG WeekRental:39 - Charge from: 2019-06-12 18:02 to 2019-09-13 18:02 is $780.0
2019-06-12 18:02:15 DEBUG DayRental:39 - Charge from: 2019-06-12 18:02 to 2019-09-13 18:02 is $1860.0
2019-06-12 18:02:15 DEBUG HourRental:39 - Charge from: 2019-06-12 18:02 to 2019-09-13 18:02 is $11160.0
2019-06-12 18:05:53 DEBUG WeekRental:18 - Period from 2019-06-12 18:05to 2019-07-10 18:05 is: 4 weeks
2019-06-12 18:05:53 DEBUG WeekRental:39 - Charge from: 2019-06-12 18:05 to 2019-07-10 18:05 is $240.0
2019-06-12 18:05:53 DEBUG DayRental:18 - Period from 2019-06-12 18:05to 2019-06-12 18:05 is: 0 weeks
2019-06-12 18:05:53 DEBUG DayRental:39 - Charge from: 2019-06-12 18:05 to 2019-06-12 18:05 is $20.0
2019-06-12 18:05:53 DEBUG WeekRental:18 - Period from 2019-06-12 18:05to 2019-06-12 18:05 is: 0 weeks
2019-06-12 18:05:53 DEBUG WeekRental:39 - Charge from: 2019-06-12 18:05 to 2019-06-12 18:05 is $60.0
2019-06-12 18:05:53 DEBUG DayRental:18 - Period from 2019-06-12 18:05to 2019-06-21 18:05 is: 9 weeks
2019-06-12 18:05:53 DEBUG DayRental:39 - Charge from: 2019-06-12 18:05 to 2019-06-21 18:05 is $180.0
2019-06-12 18:05:53 DEBUG HourRental:18 - Period from 2019-06-12 18:05to 2019-06-14 05:05 is: 35 hours
2019-06-12 18:05:53 DEBUG HourRental:39 - Charge from: 2019-06-12 18:05 to 2019-06-14 05:05 is $175.0
2019-06-12 18:05:53 DEBUG HourRental:18 - Period from 2019-06-12 18:05to 2019-06-12 18:05 is: 0 hours
2019-06-12 18:05:53 DEBUG HourRental:39 - Charge from: 2019-06-12 18:05 to 2019-06-12 18:05 is $5.0
2019-06-12 18:05:53 DEBUG WeekRental:18 - Period from 2019-06-12 18:05to 2019-06-12 18:05 is: 0 weeks
2019-06-12 18:05:53 DEBUG DayRental:18 - Period from 2019-06-12 18:05to 2019-06-12 18:05 is: 0 weeks
2019-06-12 18:05:53 DEBUG DayRental:39 - Charge from: 2019-06-12 18:05 to 2019-06-12 18:05 is $20.0
2019-06-12 18:05:53 DEBUG HourRental:18 - Period from 2019-06-12 18:05to 2019-06-12 18:05 is: 0 hours
2019-06-12 18:05:53 DEBUG WeekRental:39 - Charge from: 2019-06-12 18:05 to 2019-06-12 18:05 is $60.0
2019-06-12 18:05:53 DEBUG HourRental:39 - Charge from: 2019-06-12 18:05 to 2019-06-12 18:05 is $5.0
2019-06-12 18:05:53 DEBUG DayRental:18 - Period from 2019-06-12 18:05to 2019-09-13 18:05 is: 93 weeks
2019-06-12 18:05:53 DEBUG HourRental:18 - Period from 2019-06-12 18:05to 2019-09-13 18:05 is: 2232 hours
2019-06-12 18:05:53 DEBUG WeekRental:18 - Period from 2019-06-12 18:05to 2019-09-13 18:05 is: 13 weeks
2019-06-12 18:05:53 DEBUG HourRental:39 - Charge from: 2019-06-12 18:05 to 2019-09-13 18:05 is $11160.0
2019-06-12 18:05:53 DEBUG DayRental:39 - Charge from: 2019-06-12 18:05 to 2019-09-13 18:05 is $1860.0
2019-06-12 18:05:53 DEBUG WeekRental:39 - Charge from: 2019-06-12 18:05 to 2019-09-13 18:05 is $780.0
